2025-12-21 17:47:01.494 | INFO     | __main__:<module>:26 - server start ws://localhost:9160
2025-12-21 17:47:03.122 | INFO     | ws_session:open:25 - request_id: e658a731-0bd5-4302-9c5e-de34afeadf29 connect success
2025-12-21 17:56:56.536 | INFO     | ws_session:on_close:57 - request_id: e658a731-0bd5-4302-9c5e-de34afeadf29, on_close
2025-12-21 17:56:57.442 | INFO     | ws_session:open:25 - request_id: 5763ca42-1fc1-4f9e-b6a8-59ff60603738 connect success
2025-12-21 18:06:46.612 | INFO     | ws_session:on_close:57 - request_id: 5763ca42-1fc1-4f9e-b6a8-59ff60603738, on_close
2025-12-21 18:06:47.387 | INFO     | ws_session:open:25 - request_id: 43fd4ae8-a626-4908-9c21-09b57b7addd8 connect success
2025-12-21 18:07:38.868 | INFO     | ws_session:on_close:57 - request_id: 43fd4ae8-a626-4908-9c21-09b57b7addd8, on_close
2025-12-21 18:11:28.998 | INFO     | ws_session:open:25 - request_id: 58a7fe12-7d5c-4b4d-9fc4-c51815a8aa9b connect success
2025-12-21 18:11:34.304 | INFO     | ws_session:on_close:57 - request_id: 58a7fe12-7d5c-4b4d-9fc4-c51815a8aa9b, on_close
2025-12-21 18:12:08.788 | INFO     | ws_session:open:25 - request_id: 11d0a811-5428-4470-ad3f-741753da1dc7 connect success
2025-12-21 18:14:48.699 | INFO     | ws_session:on_close:57 - request_id: 11d0a811-5428-4470-ad3f-741753da1dc7, on_close
2025-12-21 18:15:23.605 | INFO     | ws_session:open:25 - request_id: 4e3af530-b690-42bc-a55b-30ce5a55a8ec connect success
2025-12-21 18:19:29.218 | INFO     | ws_session:on_close:57 - request_id: 4e3af530-b690-42bc-a55b-30ce5a55a8ec, on_close
2025-12-21 18:19:30.115 | INFO     | ws_session:open:25 - request_id: af938730-0887-40ce-bbd9-9b5f2a53755f connect success
2025-12-21 18:20:29.567 | INFO     | ws_session:on_close:57 - request_id: af938730-0887-40ce-bbd9-9b5f2a53755f, on_close
2025-12-21 18:20:30.249 | INFO     | ws_session:open:25 - request_id: 052f719c-936e-46c6-bef4-c7c77eec7fc2 connect success
2025-12-21 18:21:38.647 | INFO     | ws_session:on_close:57 - request_id: 052f719c-936e-46c6-bef4-c7c77eec7fc2, on_close
2025-12-21 18:21:39.362 | INFO     | ws_session:open:25 - request_id: e4183de6-ddaa-4f70-b9a0-33c012b80cf9 connect success
2025-12-21 18:22:20.509 | INFO     | ws_session:on_close:57 - request_id: e4183de6-ddaa-4f70-b9a0-33c012b80cf9, on_close
2025-12-21 18:22:21.187 | INFO     | ws_session:open:25 - request_id: a5ec26fa-5050-4f08-834d-b9bbe0b3a1ea connect success
2025-12-21 18:24:58.056 | INFO     | ws_session:on_close:57 - request_id: a5ec26fa-5050-4f08-834d-b9bbe0b3a1ea, on_close
2025-12-21 18:25:02.543 | INFO     | ws_session:open:25 - request_id: 84341775-e672-421a-802b-40d1b1c8c059 connect success
2025-12-21 18:31:33.173 | INFO     | ws_session:on_close:57 - request_id: 84341775-e672-421a-802b-40d1b1c8c059, on_close
2025-12-21 18:31:34.156 | INFO     | ws_session:open:25 - request_id: e4e355e5-54c4-4b09-8d13-2a9f8b464f83 connect success
2025-12-21 18:32:11.075 | INFO     | ws_session:on_close:57 - request_id: e4e355e5-54c4-4b09-8d13-2a9f8b464f83, on_close
2025-12-21 18:32:11.878 | INFO     | ws_session:open:25 - request_id: 5b69d769-b17b-4dfc-b9ab-597f19091160 connect success
2025-12-21 18:32:20.637 | INFO     | ws_session:on_close:57 - request_id: 5b69d769-b17b-4dfc-b9ab-597f19091160, on_close
2025-12-21 18:32:21.434 | INFO     | ws_session:open:25 - request_id: 77b9898b-16ee-4076-b25b-c047d64e2e5a connect success
2025-12-21 18:32:34.851 | INFO     | ws_session:on_close:57 - request_id: 77b9898b-16ee-4076-b25b-c047d64e2e5a, on_close
2025-12-21 18:46:17.828 | INFO     | ws_session:open:25 - request_id: 00f0498d-03c6-42d3-9161-9308e8490585 connect success
2025-12-21 18:46:50.951 | INFO     | ws_session:on_close:57 - request_id: 00f0498d-03c6-42d3-9161-9308e8490585, on_close
2025-12-21 18:47:00.900 | INFO     | ws_session:open:25 - request_id: 2f67d6c5-4829-497e-b7c2-043f0a12298b connect success
2025-12-21 18:48:11.893 | INFO     | ws_session:open:25 - request_id: e7e16f8e-5004-4e61-a47d-d22dfe554c77 connect success
2025-12-21 18:51:16.183 | INFO     | ws_session:on_close:57 - request_id: e7e16f8e-5004-4e61-a47d-d22dfe554c77, on_close
2025-12-21 18:51:16.209 | INFO     | ws_session:on_close:57 - request_id: 2f67d6c5-4829-497e-b7c2-043f0a12298b, on_close
2025-12-21 18:51:16.794 | INFO     | ws_session:open:25 - request_id: 66dc167b-bb5f-41ea-9c45-54ed13d01737 connect success
2025-12-21 18:51:17.358 | INFO     | ws_session:open:25 - request_id: ec02070a-f4bf-4d3c-a00c-507b72f9a700 connect success
2025-12-21 18:51:22.346 | INFO     | ws_session:on_close:57 - request_id: ec02070a-f4bf-4d3c-a00c-507b72f9a700, on_close
2025-12-21 18:51:33.638 | INFO     | ws_session:on_close:57 - request_id: 66dc167b-bb5f-41ea-9c45-54ed13d01737, on_close
2025-12-21 18:51:39.096 | INFO     | ws_session:open:25 - request_id: 9e1846c3-6778-4855-82d1-aba947cd488c connect success
2025-12-21 18:52:16.740 | INFO     | ws_session:on_close:57 - request_id: 9e1846c3-6778-4855-82d1-aba947cd488c, on_close
2025-12-21 18:52:24.316 | INFO     | ws_session:open:25 - request_id: 3a52ef89-26db-408d-8fe2-a7c7b8563742 connect success
2025-12-21 18:52:43.690 | INFO     | ws_session:on_close:57 - request_id: 3a52ef89-26db-408d-8fe2-a7c7b8563742, on_close
2025-12-21 18:56:10.653 | INFO     | ws_session:open:25 - request_id: 4cf53435-684e-427e-b056-36188315da2e connect success
2025-12-21 19:03:16.478 | INFO     | ws_session:on_close:57 - request_id: 4cf53435-684e-427e-b056-36188315da2e, on_close
2025-12-21 19:03:17.461 | INFO     | ws_session:open:25 - request_id: 8c4c595c-1a86-4fa6-a91b-bff66110b417 connect success
2025-12-21 19:04:19.678 | INFO     | ws_session:open:25 - request_id: 8b9ebe3c-f488-4173-b237-f75cf58aea3b connect success
2025-12-21 19:05:34.744 | INFO     | ws_session:open:25 - request_id: 3e9f61c1-096f-40f4-89a1-f83904bd1569 connect success
2025-12-21 19:06:15.594 | INFO     | ws_session:on_close:57 - request_id: 8b9ebe3c-f488-4173-b237-f75cf58aea3b, on_close
2025-12-21 19:09:15.804 | INFO     | ws_session:on_close:57 - request_id: 8c4c595c-1a86-4fa6-a91b-bff66110b417, on_close
2025-12-21 19:09:15.829 | INFO     | ws_session:on_close:57 - request_id: 3e9f61c1-096f-40f4-89a1-f83904bd1569, on_close
2025-12-21 20:07:22.622 | INFO     | ws_session:open:25 - request_id: dca3e23d-7dc4-4003-aca6-834a82cb3577 connect success
2025-12-21 20:07:40.984 | INFO     | ws_session:on_close:57 - request_id: dca3e23d-7dc4-4003-aca6-834a82cb3577, on_close
2025-12-21 20:09:30.300 | INFO     | ws_session:open:25 - request_id: caabf08f-6068-4d1c-b7cc-1f8acccd22f5 connect success
2025-12-21 20:16:23.903 | INFO     | ws_session:on_close:57 - request_id: caabf08f-6068-4d1c-b7cc-1f8acccd22f5, on_close
2025-12-21 20:16:24.852 | INFO     | ws_session:open:25 - request_id: 906e4982-25ad-4528-b341-52a0f40c2587 connect success
2025-12-21 20:19:04.309 | INFO     | ws_session:on_close:57 - request_id: 906e4982-25ad-4528-b341-52a0f40c2587, on_close
2025-12-21 20:19:05.130 | INFO     | ws_session:open:25 - request_id: 8159e90a-c18e-4a4e-9e8c-c8f958bad6a8 connect success
2025-12-21 20:19:48.150 | INFO     | ws_session:on_close:57 - request_id: 8159e90a-c18e-4a4e-9e8c-c8f958bad6a8, on_close
2025-12-21 20:19:51.150 | INFO     | ws_session:open:25 - request_id: bae5791c-f4c9-47d6-965e-d10bb60060da connect success
2025-12-21 20:19:53.030 | INFO     | ws_session:open:25 - request_id: a2a2681c-950a-4254-824e-74fa5915e0da connect success
2025-12-21 20:19:59.730 | INFO     | ws_session:on_close:57 - request_id: a2a2681c-950a-4254-824e-74fa5915e0da, on_close
2025-12-21 20:19:59.732 | INFO     | ws_session:on_close:57 - request_id: bae5791c-f4c9-47d6-965e-d10bb60060da, on_close
2025-12-21 20:20:10.224 | INFO     | ws_session:open:25 - request_id: 52bd76d1-07b5-421c-ab1d-4b2435581a8b connect success
2025-12-21 20:24:39.458 | INFO     | ws_session:open:25 - request_id: fba6153e-b12a-4f86-944c-1ee6bcacc8ac connect success
2025-12-21 20:24:48.370 | INFO     | ws_session:on_close:57 - request_id: fba6153e-b12a-4f86-944c-1ee6bcacc8ac, on_close
2025-12-21 20:31:17.997 | INFO     | ws_session:on_close:57 - request_id: 52bd76d1-07b5-421c-ab1d-4b2435581a8b, on_close
2025-12-21 20:31:19.109 | INFO     | ws_session:open:25 - request_id: c6dde8d4-3273-41a3-9861-7372469c8855 connect success
2025-12-21 20:31:20.873 | INFO     | ws_session:on_close:57 - request_id: c6dde8d4-3273-41a3-9861-7372469c8855, on_close
2025-12-21 20:31:28.133 | INFO     | ws_session:open:25 - request_id: 1ff88f92-13fe-42b3-ad90-c3cec10122b5 connect success
2025-12-21 20:32:21.899 | INFO     | ws_session:on_close:57 - request_id: 1ff88f92-13fe-42b3-ad90-c3cec10122b5, on_close
2025-12-21 20:32:22.786 | INFO     | ws_session:open:25 - request_id: 72aa74e6-f064-47a2-b53e-95c707eaf6d7 connect success
2025-12-21 20:33:28.177 | INFO     | ws_session:on_close:57 - request_id: 72aa74e6-f064-47a2-b53e-95c707eaf6d7, on_close
2025-12-21 20:33:28.938 | INFO     | ws_session:open:25 - request_id: 7186513a-67a3-4b69-ac70-f9d8e2cca834 connect success
2025-12-21 20:33:31.686 | INFO     | ws_session:on_close:57 - request_id: 7186513a-67a3-4b69-ac70-f9d8e2cca834, on_close
2025-12-21 20:33:32.551 | INFO     | ws_session:open:25 - request_id: d5d72781-2fe6-41a8-8da3-231968763d0a connect success
2025-12-21 20:36:12.500 | INFO     | ws_session:on_close:57 - request_id: d5d72781-2fe6-41a8-8da3-231968763d0a, on_close
2025-12-21 20:36:13.220 | INFO     | ws_session:open:25 - request_id: c31ac26d-fe44-46b2-a224-a05b78ce9d37 connect success
2025-12-21 20:37:05.696 | INFO     | ws_session:on_close:57 - request_id: c31ac26d-fe44-46b2-a224-a05b78ce9d37, on_close
2025-12-21 20:37:06.443 | INFO     | ws_session:open:25 - request_id: 9a9613a0-ed47-4742-bc08-a3e94ccb08c9 connect success
2025-12-21 20:38:51.703 | INFO     | ws_session:on_close:57 - request_id: 9a9613a0-ed47-4742-bc08-a3e94ccb08c9, on_close
2025-12-21 20:38:52.472 | INFO     | ws_session:open:25 - request_id: 4cd536fb-ba81-46a9-a8dc-ca06e182341c connect success
2025-12-21 20:41:22.746 | INFO     | ws_session:on_close:57 - request_id: 4cd536fb-ba81-46a9-a8dc-ca06e182341c, on_close
2025-12-21 20:41:23.496 | INFO     | ws_session:open:25 - request_id: bcfed193-7ef4-4e11-9016-e29558977266 connect success
2025-12-21 20:43:16.481 | INFO     | ws_session:on_close:57 - request_id: bcfed193-7ef4-4e11-9016-e29558977266, on_close
2025-12-21 20:43:17.211 | INFO     | ws_session:open:25 - request_id: a0c5fc97-7779-438f-8b77-68b18f24b599 connect success
2025-12-21 20:43:18.771 | INFO     | ws_session:on_close:57 - request_id: a0c5fc97-7779-438f-8b77-68b18f24b599, on_close
2025-12-21 20:43:19.545 | INFO     | ws_session:open:25 - request_id: f0022bd3-9ab9-4e0a-83b7-b79c795f48c3 connect success
2025-12-21 20:44:16.480 | INFO     | ws_session:on_close:57 - request_id: f0022bd3-9ab9-4e0a-83b7-b79c795f48c3, on_close
2025-12-21 20:44:17.160 | INFO     | ws_session:open:25 - request_id: a6a506b5-f794-4e1c-8a55-d24075f210a0 connect success
2025-12-21 20:44:17.876 | INFO     | ws_session:on_close:57 - request_id: a6a506b5-f794-4e1c-8a55-d24075f210a0, on_close
2025-12-21 20:44:18.506 | INFO     | ws_session:open:25 - request_id: 80490c37-f7a0-4b56-826a-a0d610d19e70 connect success
2025-12-21 20:46:06.290 | INFO     | ws_session:on_close:57 - request_id: 80490c37-f7a0-4b56-826a-a0d610d19e70, on_close
2025-12-21 20:46:07.044 | INFO     | ws_session:open:25 - request_id: d6091d54-addc-48e0-b6ea-f36900c16e94 connect success
2025-12-21 20:47:39.280 | INFO     | ws_session:on_close:57 - request_id: d6091d54-addc-48e0-b6ea-f36900c16e94, on_close
2025-12-21 20:47:40.070 | INFO     | ws_session:open:25 - request_id: 975dff22-1e89-42cd-9d8c-29dcf414ea4a connect success
2025-12-21 20:48:24.896 | INFO     | ws_session:on_close:57 - request_id: 975dff22-1e89-42cd-9d8c-29dcf414ea4a, on_close
2025-12-21 20:48:25.676 | INFO     | ws_session:open:25 - request_id: 7c0deefa-d8f6-420e-8ddd-22a62aec012f connect success
2025-12-21 20:48:46.816 | INFO     | ws_session:on_close:57 - request_id: 7c0deefa-d8f6-420e-8ddd-22a62aec012f, on_close
2025-12-21 20:48:47.579 | INFO     | ws_session:open:25 - request_id: e0ea200d-7fc2-4805-9db8-97aa1ade3c38 connect success
2025-12-21 20:52:22.529 | INFO     | ws_session:on_close:57 - request_id: e0ea200d-7fc2-4805-9db8-97aa1ade3c38, on_close
2025-12-21 20:52:23.287 | INFO     | ws_session:open:25 - request_id: 3ad522e0-72f8-4a62-934d-e5fdaa28b241 connect success
2025-12-21 20:52:31.133 | INFO     | ws_session:on_close:57 - request_id: 3ad522e0-72f8-4a62-934d-e5fdaa28b241, on_close
2025-12-21 20:52:31.900 | INFO     | ws_session:open:25 - request_id: 1f356a28-2fca-4af1-81c3-026086afe089 connect success
2025-12-21 20:54:01.016 | INFO     | ws_session:on_close:57 - request_id: 1f356a28-2fca-4af1-81c3-026086afe089, on_close
2025-12-21 20:54:01.579 | INFO     | ws_session:open:25 - request_id: 66c67bde-b6d8-4415-b782-e272c562d4b7 connect success
2025-12-21 20:54:20.021 | INFO     | ws_session:on_close:57 - request_id: 66c67bde-b6d8-4415-b782-e272c562d4b7, on_close
2025-12-21 20:54:20.612 | INFO     | ws_session:open:25 - request_id: 9742facc-2f91-429b-81ae-c0c43a9ea7a4 connect success
2025-12-21 21:09:56.610 | INFO     | ws_session:on_close:57 - request_id: 9742facc-2f91-429b-81ae-c0c43a9ea7a4, on_close
2025-12-21 21:09:57.157 | INFO     | ws_session:open:25 - request_id: a6331c63-58e6-466f-a574-c94b3d9aac7e connect success
2025-12-21 21:09:59.723 | INFO     | ws_session:on_close:57 - request_id: a6331c63-58e6-466f-a574-c94b3d9aac7e, on_close
2025-12-21 21:10:00.425 | INFO     | ws_session:open:25 - request_id: 74a65713-73b6-4985-a4e2-ef19789b65a6 connect success
2025-12-21 21:10:04.356 | INFO     | ws_session:on_close:57 - request_id: 74a65713-73b6-4985-a4e2-ef19789b65a6, on_close
2025-12-21 21:10:04.920 | INFO     | ws_session:open:25 - request_id: 19033288-0640-4c94-af07-44a8d844b164 connect success
2025-12-21 21:10:11.357 | INFO     | ws_session:on_close:57 - request_id: 19033288-0640-4c94-af07-44a8d844b164, on_close
2025-12-21 21:10:11.869 | INFO     | ws_session:open:25 - request_id: bd9c44ba-13d8-4adc-803a-5ea21fc91213 connect success
2025-12-21 21:11:02.897 | INFO     | ws_session:on_close:57 - request_id: bd9c44ba-13d8-4adc-803a-5ea21fc91213, on_close
2025-12-21 21:11:03.611 | INFO     | ws_session:open:25 - request_id: 415f1e13-3eed-4edd-8d49-790836dd6c04 connect success
2025-12-21 21:11:20.399 | INFO     | ws_session:on_close:57 - request_id: 415f1e13-3eed-4edd-8d49-790836dd6c04, on_close
2025-12-21 21:11:21.140 | INFO     | ws_session:open:25 - request_id: 7664e932-1ee7-4ba1-ba07-63f10a989a13 connect success
2025-12-21 21:17:36.294 | INFO     | ws_session:on_close:57 - request_id: 7664e932-1ee7-4ba1-ba07-63f10a989a13, on_close
2025-12-21 21:17:37.112 | INFO     | ws_session:open:25 - request_id: 87146d73-29fc-408a-ad63-ec9f2d0f62d7 connect success
2025-12-21 21:18:20.708 | INFO     | ws_session:on_close:57 - request_id: 87146d73-29fc-408a-ad63-ec9f2d0f62d7, on_close
2025-12-21 21:18:21.492 | INFO     | ws_session:open:25 - request_id: 2173e988-d395-4abf-bcb0-9a6d93905a0a connect success
2025-12-21 21:21:03.180 | INFO     | ws_session:on_close:57 - request_id: 2173e988-d395-4abf-bcb0-9a6d93905a0a, on_close
2025-12-21 21:21:03.986 | INFO     | ws_session:open:25 - request_id: 6d0e11c3-3d2f-4b87-b181-7f0c4e1b25ea connect success
2025-12-21 21:29:02.388 | INFO     | ws_session:on_close:57 - request_id: 6d0e11c3-3d2f-4b87-b181-7f0c4e1b25ea, on_close
2025-12-21 21:29:03.069 | INFO     | ws_session:open:25 - request_id: dd0b2b19-e64d-463e-b28f-0ca241a889a6 connect success
2025-12-21 21:29:06.092 | INFO     | ws_session:on_close:57 - request_id: dd0b2b19-e64d-463e-b28f-0ca241a889a6, on_close
2025-12-21 21:29:06.660 | INFO     | ws_session:open:25 - request_id: b168767f-71cc-4f56-9996-550a2e95a532 connect success
2025-12-21 21:30:20.242 | INFO     | ws_session:on_close:57 - request_id: b168767f-71cc-4f56-9996-550a2e95a532, on_close
2025-12-21 21:30:20.728 | INFO     | ws_session:open:25 - request_id: df20aca5-26ed-4d18-a1e6-7c8908e0a64a connect success
2025-12-21 21:33:23.806 | INFO     | ws_session:on_close:57 - request_id: df20aca5-26ed-4d18-a1e6-7c8908e0a64a, on_close
2025-12-21 21:33:24.634 | INFO     | ws_session:open:25 - request_id: 10c6f001-6ec3-4f67-bc66-d4d8d9c42845 connect success
2025-12-21 21:33:29.390 | INFO     | ws_session:on_close:57 - request_id: 10c6f001-6ec3-4f67-bc66-d4d8d9c42845, on_close
2025-12-21 21:33:29.875 | INFO     | ws_session:open:25 - request_id: 9e204f75-752f-4acd-a573-dafca15aca38 connect success
2025-12-21 21:35:08.197 | INFO     | ws_session:on_close:57 - request_id: 9e204f75-752f-4acd-a573-dafca15aca38, on_close
2025-12-21 21:35:08.772 | INFO     | ws_session:open:25 - request_id: 23adaab7-0bf3-4b92-a9d3-3646de5d821b connect success
2025-12-21 21:38:50.428 | INFO     | ws_session:on_close:57 - request_id: 23adaab7-0bf3-4b92-a9d3-3646de5d821b, on_close
2025-12-21 21:38:51.025 | INFO     | ws_session:open:25 - request_id: ce1fbce2-7564-42b4-a895-288544688023 connect success
2025-12-21 21:38:52.583 | INFO     | ws_session:on_close:57 - request_id: ce1fbce2-7564-42b4-a895-288544688023, on_close
2025-12-21 21:38:53.186 | INFO     | ws_session:open:25 - request_id: 020aa40b-9983-4007-9a34-43f04298aa34 connect success
2025-12-21 21:42:40.965 | INFO     | ws_session:on_close:57 - request_id: 020aa40b-9983-4007-9a34-43f04298aa34, on_close
2025-12-21 21:42:41.649 | INFO     | ws_session:open:25 - request_id: fae6d954-daf8-430a-a244-544594bf8221 connect success
2025-12-21 21:42:45.770 | INFO     | ws_session:on_close:57 - request_id: fae6d954-daf8-430a-a244-544594bf8221, on_close
2025-12-21 21:42:46.379 | INFO     | ws_session:open:25 - request_id: 30e1b8cc-6cc9-4651-8a65-d1cc4dc8bc16 connect success
2025-12-21 21:44:38.227 | INFO     | ws_session:on_close:57 - request_id: 30e1b8cc-6cc9-4651-8a65-d1cc4dc8bc16, on_close
2025-12-21 21:44:39.055 | INFO     | ws_session:open:25 - request_id: d8a6789c-4f36-49e7-8028-06b5acc39458 connect success
2025-12-21 21:45:37.263 | INFO     | ws_session:on_close:57 - request_id: d8a6789c-4f36-49e7-8028-06b5acc39458, on_close
2025-12-21 21:45:37.824 | INFO     | ws_session:open:25 - request_id: e6642803-6a29-4bfb-a1b7-b1924bab7419 connect success
2025-12-21 21:47:46.394 | INFO     | ws_session:on_close:57 - request_id: e6642803-6a29-4bfb-a1b7-b1924bab7419, on_close
2025-12-21 21:47:47.239 | INFO     | ws_session:open:25 - request_id: 8c9f9e2f-5b55-43fc-a1e4-639a355db7c4 connect success
2025-12-21 21:49:17.831 | INFO     | ws_session:on_close:57 - request_id: 8c9f9e2f-5b55-43fc-a1e4-639a355db7c4, on_close
2025-12-21 21:49:18.603 | INFO     | ws_session:open:25 - request_id: d7037a3a-f973-42f0-a576-65bea3d2e643 connect success
2025-12-21 21:49:21.819 | INFO     | ws_session:on_close:57 - request_id: d7037a3a-f973-42f0-a576-65bea3d2e643, on_close
2025-12-21 21:49:22.602 | INFO     | ws_session:open:25 - request_id: 6d5761f9-1628-486c-831d-d6273776f609 connect success
2025-12-21 21:49:26.934 | INFO     | ws_session:on_close:57 - request_id: 6d5761f9-1628-486c-831d-d6273776f609, on_close
2025-12-21 21:49:27.669 | INFO     | ws_session:open:25 - request_id: 3d530cc7-9dab-4737-bda7-a9fd603b05c4 connect success
2025-12-21 21:50:56.668 | INFO     | ws_session:on_close:57 - request_id: 3d530cc7-9dab-4737-bda7-a9fd603b05c4, on_close
2025-12-21 21:50:57.427 | INFO     | ws_session:open:25 - request_id: ab6ccc0c-1712-4cf5-8869-3614b578b6d0 connect success
2025-12-21 21:51:25.404 | INFO     | ws_session:on_close:57 - request_id: ab6ccc0c-1712-4cf5-8869-3614b578b6d0, on_close
2025-12-21 21:51:26.228 | INFO     | ws_session:open:25 - request_id: e988efa8-e279-45fb-abb3-beb2a435ec5e connect success
2025-12-21 21:57:26.849 | INFO     | ws_session:on_close:57 - request_id: e988efa8-e279-45fb-abb3-beb2a435ec5e, on_close
2025-12-21 21:58:55.859 | INFO     | ws_session:open:25 - request_id: 87156139-6ac7-47b6-984d-cd10cc41edfb connect success
2025-12-21 21:59:06.553 | INFO     | ws_session:on_close:57 - request_id: 87156139-6ac7-47b6-984d-cd10cc41edfb, on_close
2025-12-21 21:59:23.214 | INFO     | ws_session:open:25 - request_id: 14c341f2-494c-4e58-8448-e1be195f8d9c connect success
2025-12-21 22:00:15.020 | INFO     | ws_session:on_close:57 - request_id: 14c341f2-494c-4e58-8448-e1be195f8d9c, on_close
2025-12-21 22:00:16.008 | INFO     | ws_session:open:25 - request_id: 0ebd852a-5ba7-4a13-bc48-fea66d97eabb connect success
2025-12-21 22:01:22.429 | INFO     | ws_session:on_close:57 - request_id: 0ebd852a-5ba7-4a13-bc48-fea66d97eabb, on_close
2025-12-21 22:01:23.293 | INFO     | ws_session:open:25 - request_id: 0a81ead0-e385-4e40-a78d-a5fa0f53f0cf connect success
2025-12-21 22:01:24.707 | INFO     | ws_session:on_close:57 - request_id: 0a81ead0-e385-4e40-a78d-a5fa0f53f0cf, on_close
2025-12-21 22:01:32.015 | INFO     | ws_session:open:25 - request_id: 00f03e6b-5243-4c1e-a608-3e1db59fb117 connect success
2025-12-21 22:01:49.430 | INFO     | ws_session:on_close:57 - request_id: 00f03e6b-5243-4c1e-a608-3e1db59fb117, on_close
2025-12-21 22:02:27.747 | INFO     | ws_session:open:25 - request_id: 760c9eed-dcdf-4851-9a54-7335837b87fb connect success
2025-12-21 22:02:34.280 | INFO     | ws_session:on_close:57 - request_id: 760c9eed-dcdf-4851-9a54-7335837b87fb, on_close
2025-12-21 22:02:42.847 | INFO     | ws_session:open:25 - request_id: 50cd0127-4e88-42cc-8c6b-13be630f6ff0 connect success
2025-12-21 22:04:58.984 | INFO     | ws_session:open:25 - request_id: 2f7ace31-3ee6-40e5-8652-8f89563218ba connect success
2025-12-21 22:05:11.714 | INFO     | ws_session:on_close:57 - request_id: 2f7ace31-3ee6-40e5-8652-8f89563218ba, on_close
2025-12-21 22:06:00.796 | INFO     | ws_session:open:25 - request_id: d9cdb5f1-1859-4f83-9b18-181953d4f187 connect success
2025-12-21 22:06:11.986 | INFO     | ws_session:on_close:57 - request_id: d9cdb5f1-1859-4f83-9b18-181953d4f187, on_close
2025-12-21 22:06:36.239 | INFO     | ws_session:open:25 - request_id: 032cf101-723c-423a-b512-e91302c83385 connect success
2025-12-21 22:06:45.175 | INFO     | ws_session:on_close:57 - request_id: 032cf101-723c-423a-b512-e91302c83385, on_close
2025-12-21 22:06:48.615 | INFO     | ws_session:on_close:57 - request_id: 50cd0127-4e88-42cc-8c6b-13be630f6ff0, on_close
2025-12-21 22:06:56.512 | INFO     | ws_session:open:25 - request_id: 3b5afa1d-fd2a-4788-88a8-83dad19ea719 connect success
2025-12-21 22:07:42.772 | INFO     | ws_session:open:25 - request_id: a47cc2a5-cece-4eb0-aee7-c428a8d080e3 connect success
2025-12-21 22:07:48.186 | INFO     | ws_session:on_close:57 - request_id: a47cc2a5-cece-4eb0-aee7-c428a8d080e3, on_close
2025-12-21 22:10:53.814 | INFO     | ws_session:open:25 - request_id: fbf0a214-4cc0-4208-9cc9-70f028145319 connect success
2025-12-21 22:10:59.404 | INFO     | ws_session:on_close:57 - request_id: fbf0a214-4cc0-4208-9cc9-70f028145319, on_close
2025-12-21 22:11:26.655 | INFO     | ws_session:open:25 - request_id: 3f358337-bf65-44eb-abb4-56c79821a05e connect success
2025-12-21 22:11:32.566 | INFO     | ws_session:on_close:57 - request_id: 3f358337-bf65-44eb-abb4-56c79821a05e, on_close
2025-12-21 22:12:54.853 | INFO     | ws_session:open:25 - request_id: fbb30ddc-e809-468e-8864-948c5f85699b connect success
2025-12-21 22:13:31.000 | INFO     | ws_session:open:25 - request_id: 3a13e540-2bd2-4717-80de-728c8a62618b connect success
2025-12-21 22:13:37.047 | INFO     | ws_session:on_close:57 - request_id: 3a13e540-2bd2-4717-80de-728c8a62618b, on_close
2025-12-21 22:13:37.049 | INFO     | ws_session:on_close:57 - request_id: fbb30ddc-e809-468e-8864-948c5f85699b, on_close
2025-12-21 22:14:05.230 | INFO     | ws_session:open:25 - request_id: 5e4c4025-322c-41fa-9e64-8388acd15f5f connect success
2025-12-21 22:14:13.903 | INFO     | ws_session:on_close:57 - request_id: 5e4c4025-322c-41fa-9e64-8388acd15f5f, on_close
2025-12-21 22:14:14.301 | INFO     | ws_session:open:25 - request_id: cb6e62b0-cdd0-468e-94c9-08ae13759735 connect success
2025-12-21 22:14:20.830 | INFO     | ws_session:on_close:57 - request_id: cb6e62b0-cdd0-468e-94c9-08ae13759735, on_close
2025-12-21 22:15:17.980 | INFO     | ws_session:open:25 - request_id: 7888316e-3204-4bdf-9f8b-0e4c31853ede connect success
2025-12-21 22:16:22.370 | INFO     | ws_session:open:25 - request_id: e2705a3c-705d-4f7e-bd2f-b61b162b8a81 connect success
2025-12-21 22:16:29.988 | INFO     | ws_session:on_close:57 - request_id: e2705a3c-705d-4f7e-bd2f-b61b162b8a81, on_close
2025-12-21 22:16:29.990 | INFO     | ws_session:on_close:57 - request_id: 7888316e-3204-4bdf-9f8b-0e4c31853ede, on_close
2025-12-21 22:16:45.616 | INFO     | ws_session:open:25 - request_id: b6a04dac-ec99-4dae-9cdf-e4b8619aa9ca connect success
2025-12-21 22:17:59.038 | INFO     | ws_session:open:25 - request_id: 2ecdb549-17ae-4d28-9068-023cadccdc45 connect success
2025-12-21 22:18:36.602 | INFO     | ws_session:open:25 - request_id: e18568fd-bfef-4249-9dc3-e6e3c9031d9e connect success
2025-12-21 22:18:46.680 | INFO     | ws_session:on_close:57 - request_id: e18568fd-bfef-4249-9dc3-e6e3c9031d9e, on_close
2025-12-21 22:18:46.682 | INFO     | ws_session:on_close:57 - request_id: 2ecdb549-17ae-4d28-9068-023cadccdc45, on_close
2025-12-21 22:18:46.686 | INFO     | ws_session:on_close:57 - request_id: b6a04dac-ec99-4dae-9cdf-e4b8619aa9ca, on_close
2025-12-21 22:19:04.076 | INFO     | ws_session:open:25 - request_id: 67bcfa00-6016-440d-ab35-0912795c3ff3 connect success
2025-12-21 22:21:33.333 | INFO     | ws_session:on_close:57 - request_id: 3b5afa1d-fd2a-4788-88a8-83dad19ea719, on_close
2025-12-21 22:21:34.435 | INFO     | ws_session:open:25 - request_id: 3018f6d5-589d-4255-9bc7-742d7512934f connect success
2025-12-21 22:22:42.078 | INFO     | ws_session:on_close:57 - request_id: 3018f6d5-589d-4255-9bc7-742d7512934f, on_close
2025-12-21 22:22:42.113 | INFO     | ws_session:on_close:57 - request_id: 67bcfa00-6016-440d-ab35-0912795c3ff3, on_close
2025-12-21 22:22:42.757 | INFO     | ws_session:open:25 - request_id: 7d34c344-82ff-4d10-b7e4-491e110495a7 connect success
2025-12-21 22:22:43.240 | INFO     | ws_session:open:25 - request_id: 1a73b8e4-a480-462b-90d3-e8506c125481 connect success
2025-12-21 22:31:27.704 | INFO     | ws_session:on_close:57 - request_id: 1a73b8e4-a480-462b-90d3-e8506c125481, on_close
2025-12-21 22:31:27.730 | INFO     | ws_session:on_close:57 - request_id: 7d34c344-82ff-4d10-b7e4-491e110495a7, on_close
2025-12-21 22:31:28.393 | INFO     | ws_session:open:25 - request_id: ea2996b2-38d4-4f0d-9db6-7901da94857e connect success
2025-12-21 22:31:28.724 | INFO     | ws_session:open:25 - request_id: d87ae505-1d6f-46c0-a175-75ab9e353d5b connect success
2025-12-21 22:36:29.737 | INFO     | ws_session:on_close:57 - request_id: d87ae505-1d6f-46c0-a175-75ab9e353d5b, on_close
2025-12-21 22:36:29.771 | INFO     | ws_session:on_close:57 - request_id: ea2996b2-38d4-4f0d-9db6-7901da94857e, on_close
2025-12-21 22:36:30.371 | INFO     | ws_session:open:25 - request_id: 5af927a9-6782-4c2b-ac9b-bd7469363949 connect success
2025-12-21 22:36:30.692 | INFO     | ws_session:open:25 - request_id: 006f959a-b4da-4e05-a728-f9765dbd09ff connect success
2025-12-21 22:36:58.021 | INFO     | ws_session:on_close:57 - request_id: 5af927a9-6782-4c2b-ac9b-bd7469363949, on_close
2025-12-21 22:36:58.043 | INFO     | ws_session:on_close:57 - request_id: 006f959a-b4da-4e05-a728-f9765dbd09ff, on_close
2025-12-21 22:36:58.571 | INFO     | ws_session:open:25 - request_id: b2b87ef9-66a5-47a7-8c9d-ae6a70a73deb connect success
2025-12-21 22:36:58.891 | INFO     | ws_session:open:25 - request_id: 6f4b10dc-0404-4a16-9c09-9d492759bd11 connect success
2025-12-21 22:37:24.942 | INFO     | ws_session:on_close:57 - request_id: b2b87ef9-66a5-47a7-8c9d-ae6a70a73deb, on_close
2025-12-21 22:37:24.954 | INFO     | ws_session:on_close:57 - request_id: 6f4b10dc-0404-4a16-9c09-9d492759bd11, on_close
2025-12-21 22:37:25.411 | INFO     | ws_session:open:25 - request_id: 22ccc89d-b703-4489-b605-e49e141c8d94 connect success
2025-12-21 22:37:25.851 | INFO     | ws_session:open:25 - request_id: b3b0bec7-340e-4ef3-b2a0-cd242d3579b9 connect success
2025-12-21 22:38:52.938 | INFO     | ws_session:on_close:57 - request_id: 22ccc89d-b703-4489-b605-e49e141c8d94, on_close
2025-12-21 22:38:52.968 | INFO     | ws_session:on_close:57 - request_id: b3b0bec7-340e-4ef3-b2a0-cd242d3579b9, on_close
2025-12-21 22:38:53.446 | INFO     | ws_session:open:25 - request_id: 6a456953-ae18-40d9-a599-69150b61ad5a connect success
2025-12-21 22:38:54.021 | INFO     | ws_session:open:25 - request_id: e18d888b-76c6-4294-988e-8cbd9c69c714 connect success
2025-12-21 22:39:35.625 | INFO     | ws_session:on_close:57 - request_id: e18d888b-76c6-4294-988e-8cbd9c69c714, on_close
2025-12-21 22:39:35.635 | INFO     | ws_session:on_close:57 - request_id: 6a456953-ae18-40d9-a599-69150b61ad5a, on_close
2025-12-21 22:39:36.201 | INFO     | ws_session:open:25 - request_id: 1920d2ac-31b2-467d-9e79-945a9d024616 connect success
2025-12-21 22:39:36.625 | INFO     | ws_session:open:25 - request_id: 5110beb1-5d91-4cba-9995-4805f0578ae2 connect success
2025-12-21 22:42:37.920 | INFO     | ws_session:on_close:57 - request_id: 5110beb1-5d91-4cba-9995-4805f0578ae2, on_close
2025-12-21 22:42:48.804 | INFO     | ws_session:on_close:57 - request_id: 1920d2ac-31b2-467d-9e79-945a9d024616, on_close
2025-12-21 22:44:01.953 | INFO     | ws_session:open:25 - request_id: e8cef55e-cddf-495b-8a86-8e98345e56af connect success
2025-12-21 22:44:33.687 | INFO     | ws_session:on_close:57 - request_id: e8cef55e-cddf-495b-8a86-8e98345e56af, on_close
2025-12-21 22:44:34.046 | INFO     | ws_session:open:25 - request_id: 5fb61eab-dc44-4202-b518-6e535e71dc2c connect success
2025-12-21 22:49:31.463 | INFO     | ws_session:on_close:57 - request_id: 5fb61eab-dc44-4202-b518-6e535e71dc2c, on_close
2025-12-21 22:49:31.893 | INFO     | ws_session:open:25 - request_id: f64c9a3c-2e7f-4992-b36b-5d3bd9ec3762 connect success
2025-12-21 22:50:27.346 | INFO     | ws_session:on_close:57 - request_id: f64c9a3c-2e7f-4992-b36b-5d3bd9ec3762, on_close
2025-12-21 22:50:27.700 | INFO     | ws_session:open:25 - request_id: d060883a-905f-4531-9c56-91e023d9b9b0 connect success
2025-12-21 22:52:01.428 | INFO     | ws_session:on_close:57 - request_id: d060883a-905f-4531-9c56-91e023d9b9b0, on_close
2025-12-21 22:52:02.395 | INFO     | ws_session:open:25 - request_id: 6f7a5e57-1d3d-4fb1-a6e9-c30838d657f9 connect success
2025-12-21 22:55:04.286 | INFO     | ws_session:open:25 - request_id: 02f76991-57d4-48cd-a30b-ec770294f7b1 connect success
2025-12-21 22:55:06.205 | INFO     | ws_session:on_close:57 - request_id: 6f7a5e57-1d3d-4fb1-a6e9-c30838d657f9, on_close
2025-12-21 22:55:06.209 | INFO     | ws_session:on_close:57 - request_id: 02f76991-57d4-48cd-a30b-ec770294f7b1, on_close
2025-12-21 22:56:08.487 | INFO     | ws_session:open:25 - request_id: 12a4f6a3-654d-4884-a0db-6488370558b5 connect success
2025-12-21 22:56:45.934 | INFO     | ws_session:on_close:57 - request_id: 12a4f6a3-654d-4884-a0db-6488370558b5, on_close
2025-12-21 22:56:46.850 | INFO     | ws_session:open:25 - request_id: 0d3e0447-5e44-472d-9bde-0bc2f127ae2a connect success
2025-12-21 22:57:34.991 | INFO     | ws_session:on_close:57 - request_id: 0d3e0447-5e44-472d-9bde-0bc2f127ae2a, on_close
2025-12-21 22:57:35.696 | INFO     | ws_session:open:25 - request_id: 076d1621-bec3-4013-8a8a-a5f8569c672e connect success
2025-12-21 22:57:43.946 | INFO     | ws_session:on_close:57 - request_id: 076d1621-bec3-4013-8a8a-a5f8569c672e, on_close
2025-12-21 22:57:44.633 | INFO     | ws_session:open:25 - request_id: 7af8e641-c270-41d0-bf6f-d05b4b580d16 connect success
2025-12-21 23:01:23.467 | INFO     | ws_session:on_close:57 - request_id: 7af8e641-c270-41d0-bf6f-d05b4b580d16, on_close
2025-12-21 23:01:41.079 | INFO     | ws_session:open:25 - request_id: 6b890588-8a5c-4f02-9a2d-a0c8f40e2d11 connect success
2025-12-21 23:03:48.418 | INFO     | ws_session:on_close:57 - request_id: 6b890588-8a5c-4f02-9a2d-a0c8f40e2d11, on_close
2025-12-21 23:03:49.202 | INFO     | ws_session:open:25 - request_id: 4d690ae9-c6e7-4271-ba6a-0f3da84f9458 connect success
2025-12-21 23:19:56.356 | INFO     | ws_session:on_close:57 - request_id: 4d690ae9-c6e7-4271-ba6a-0f3da84f9458, on_close
2025-12-21 23:19:57.090 | INFO     | ws_session:open:25 - request_id: 4aecb0d1-91c8-4888-9e87-17c004b3ac84 connect success
2025-12-21 23:21:15.773 | INFO     | ws_session:on_close:57 - request_id: 4aecb0d1-91c8-4888-9e87-17c004b3ac84, on_close
2025-12-21 23:21:16.495 | INFO     | ws_session:open:25 - request_id: 69ab1105-7220-45c8-be47-59b67260101a connect success
2025-12-21 23:21:19.834 | INFO     | ws_session:on_close:57 - request_id: 69ab1105-7220-45c8-be47-59b67260101a, on_close
