2025-12-21 17:45:16.613 | INFO     | __main__:<module>:26 - server start ws://localhost:9160
2025-12-21 17:45:18.675 | INFO     | ws_session:open:25 - request_id: 3285e1bb-8d28-457e-bbf9-7b098dfdae48 connect success
2025-12-21 17:45:35.264 | ERROR    | ws_session:open:31 - request_id: 3285e1bb-8d28-457e-bbf9-7b098dfdae48, open error: module 'my_proto' has no attribute 'sign_in_c2s', traceback: Traceback (most recent call last):
  File "D:\workspace\petsbattle\server\ws_session.py", line 26, in open
    self.init()
    ~~~~~~~~~^^
  File "D:\workspace\petsbattle\server\ws_session.py", line 16, in init
    self.handlers = ws_handlers(self)
                    ~~~~~~~~~~~^^^^^^
  File "D:\workspace\petsbattle\server\ws_handlers.py", line 16, in __init__
    self.register_handlers()
    ~~~~~~~~~~~~~~~~~~~~~~^^
  File "D:\workspace\petsbattle\server\ws_handlers.py", line 19, in register_handlers
    self.handlers[proto.sign_in_c2s.id] = login.sign_in
                  ^^^^^^^^^^^^^^^^^
AttributeError: module 'my_proto' has no attribute 'sign_in_c2s'

2025-12-21 17:45:40.721 | INFO     | ws_session:on_close:57 - request_id: 3285e1bb-8d28-457e-bbf9-7b098dfdae48, on_close
2025-12-21 17:45:40.727 | INFO     | ws_session:open:25 - request_id: 8783a915-84cb-4702-8076-3bc6ad55af78 connect success
2025-12-21 17:45:44.738 | ERROR    | ws_session:open:31 - request_id: 8783a915-84cb-4702-8076-3bc6ad55af78, open error: module 'my_proto' has no attribute 'sign_in_c2s', traceback: Traceback (most recent call last):
  File "D:\workspace\petsbattle\server\ws_session.py", line 26, in open
    self.init()
    ~~~~~~~~~^^
  File "D:\workspace\petsbattle\server\ws_session.py", line 16, in init
    self.handlers = ws_handlers(self)
                    ~~~~~~~~~~~^^^^^^
  File "D:\workspace\petsbattle\server\ws_handlers.py", line 16, in __init__
    self.register_handlers()
    ~~~~~~~~~~~~~~~~~~~~~~^^
  File "D:\workspace\petsbattle\server\ws_handlers.py", line 19, in register_handlers
    self.handlers[proto.sign_in_c2s.id] = login.sign_in
                  ^^^^^^^^^^^^^^^^^
AttributeError: module 'my_proto' has no attribute 'sign_in_c2s'

2025-12-21 17:45:46.413 | INFO     | ws_session:on_close:57 - request_id: 8783a915-84cb-4702-8076-3bc6ad55af78, on_close
