2025-12-21 17:36:41.580 | INFO     | __main__:<module>:26 - server start ws://localhost:9160
2025-12-21 17:43:25.193 | INFO     | ws_session:open:25 - request_id: e1738552-3880-41d1-b28d-a7adc2f8690f connect success
2025-12-21 17:43:25.196 | ERROR    | ws_session:open:31 - request_id: e1738552-3880-41d1-b28d-a7adc2f8690f, open error: module 'my_proto' has no attribute 'sign_in_c2s', traceback: Traceback (most recent call last):
  File "D:\workspace\petsbattle\server\ws_session.py", line 26, in open
    self.init()
    ~~~~~~~~~^^
  File "D:\workspace\petsbattle\server\ws_session.py", line 16, in init
    self.handlers = ws_handlers(self)
                    ~~~~~~~~~~~^^^^^^
  File "D:\workspace\petsbattle\server\ws_handlers.py", line 16, in __init__
    self.register_handlers()
    ~~~~~~~~~~~~~~~~~~~~~~^^
  File "D:\workspace\petsbattle\server\ws_handlers.py", line 19, in register_handlers
    self.handlers[proto.sign_in_c2s.id] = login.sign_in
                  ^^^^^^^^^^^^^^^^^
AttributeError: module 'my_proto' has no attribute 'sign_in_c2s'

2025-12-21 17:43:25.206 | INFO     | ws_session:on_close:57 - request_id: e1738552-3880-41d1-b28d-a7adc2f8690f, on_close
2025-12-21 17:43:28.214 | INFO     | ws_session:open:25 - request_id: e45c5f77-439a-420c-9097-ce04551c4133 connect success
2025-12-21 17:43:28.215 | ERROR    | ws_session:open:31 - request_id: e45c5f77-439a-420c-9097-ce04551c4133, open error: module 'my_proto' has no attribute 'sign_in_c2s', traceback: Traceback (most recent call last):
  File "D:\workspace\petsbattle\server\ws_session.py", line 26, in open
    self.init()
    ~~~~~~~~~^^
  File "D:\workspace\petsbattle\server\ws_session.py", line 16, in init
    self.handlers = ws_handlers(self)
                    ~~~~~~~~~~~^^^^^^
  File "D:\workspace\petsbattle\server\ws_handlers.py", line 16, in __init__
    self.register_handlers()
    ~~~~~~~~~~~~~~~~~~~~~~^^
  File "D:\workspace\petsbattle\server\ws_handlers.py", line 19, in register_handlers
    self.handlers[proto.sign_in_c2s.id] = login.sign_in
                  ^^^^^^^^^^^^^^^^^
AttributeError: module 'my_proto' has no attribute 'sign_in_c2s'

2025-12-21 17:43:28.220 | INFO     | ws_session:on_close:57 - request_id: e45c5f77-439a-420c-9097-ce04551c4133, on_close
2025-12-21 17:43:34.333 | INFO     | ws_session:open:25 - request_id: 17235500-29b4-42cc-95b3-630d13be3862 connect success
2025-12-21 17:43:34.334 | ERROR    | ws_session:open:31 - request_id: 17235500-29b4-42cc-95b3-630d13be3862, open error: module 'my_proto' has no attribute 'sign_in_c2s', traceback: Traceback (most recent call last):
  File "D:\workspace\petsbattle\server\ws_session.py", line 26, in open
    self.init()
    ~~~~~~~~~^^
  File "D:\workspace\petsbattle\server\ws_session.py", line 16, in init
    self.handlers = ws_handlers(self)
                    ~~~~~~~~~~~^^^^^^
  File "D:\workspace\petsbattle\server\ws_handlers.py", line 16, in __init__
    self.register_handlers()
    ~~~~~~~~~~~~~~~~~~~~~~^^
  File "D:\workspace\petsbattle\server\ws_handlers.py", line 19, in register_handlers
    self.handlers[proto.sign_in_c2s.id] = login.sign_in
                  ^^^^^^^^^^^^^^^^^
AttributeError: module 'my_proto' has no attribute 'sign_in_c2s'

2025-12-21 17:43:34.338 | INFO     | ws_session:on_close:57 - request_id: 17235500-29b4-42cc-95b3-630d13be3862, on_close
2025-12-21 17:43:37.347 | INFO     | ws_session:open:25 - request_id: 2bf782b0-9295-46d7-9884-0affdd73584e connect success
2025-12-21 17:43:37.348 | ERROR    | ws_session:open:31 - request_id: 2bf782b0-9295-46d7-9884-0affdd73584e, open error: module 'my_proto' has no attribute 'sign_in_c2s', traceback: Traceback (most recent call last):
  File "D:\workspace\petsbattle\server\ws_session.py", line 26, in open
    self.init()
    ~~~~~~~~~^^
  File "D:\workspace\petsbattle\server\ws_session.py", line 16, in init
    self.handlers = ws_handlers(self)
                    ~~~~~~~~~~~^^^^^^
  File "D:\workspace\petsbattle\server\ws_handlers.py", line 16, in __init__
    self.register_handlers()
    ~~~~~~~~~~~~~~~~~~~~~~^^
  File "D:\workspace\petsbattle\server\ws_handlers.py", line 19, in register_handlers
    self.handlers[proto.sign_in_c2s.id] = login.sign_in
                  ^^^^^^^^^^^^^^^^^
AttributeError: module 'my_proto' has no attribute 'sign_in_c2s'

2025-12-21 17:43:37.352 | INFO     | ws_session:on_close:57 - request_id: 2bf782b0-9295-46d7-9884-0affdd73584e, on_close
2025-12-21 17:43:40.360 | INFO     | ws_session:open:25 - request_id: 98bbad4e-1636-46cd-87ca-a717b0437ee3 connect success
2025-12-21 17:43:40.361 | ERROR    | ws_session:open:31 - request_id: 98bbad4e-1636-46cd-87ca-a717b0437ee3, open error: module 'my_proto' has no attribute 'sign_in_c2s', traceback: Traceback (most recent call last):
  File "D:\workspace\petsbattle\server\ws_session.py", line 26, in open
    self.init()
    ~~~~~~~~~^^
  File "D:\workspace\petsbattle\server\ws_session.py", line 16, in init
    self.handlers = ws_handlers(self)
                    ~~~~~~~~~~~^^^^^^
  File "D:\workspace\petsbattle\server\ws_handlers.py", line 16, in __init__
    self.register_handlers()
    ~~~~~~~~~~~~~~~~~~~~~~^^
  File "D:\workspace\petsbattle\server\ws_handlers.py", line 19, in register_handlers
    self.handlers[proto.sign_in_c2s.id] = login.sign_in
                  ^^^^^^^^^^^^^^^^^
AttributeError: module 'my_proto' has no attribute 'sign_in_c2s'

2025-12-21 17:43:40.365 | INFO     | ws_session:on_close:57 - request_id: 98bbad4e-1636-46cd-87ca-a717b0437ee3, on_close
2025-12-21 17:43:43.374 | INFO     | ws_session:open:25 - request_id: 8dc1845e-e919-4055-8bfa-6d72201f40ea connect success
2025-12-21 17:43:43.376 | ERROR    | ws_session:open:31 - request_id: 8dc1845e-e919-4055-8bfa-6d72201f40ea, open error: module 'my_proto' has no attribute 'sign_in_c2s', traceback: Traceback (most recent call last):
  File "D:\workspace\petsbattle\server\ws_session.py", line 26, in open
    self.init()
    ~~~~~~~~~^^
  File "D:\workspace\petsbattle\server\ws_session.py", line 16, in init
    self.handlers = ws_handlers(self)
                    ~~~~~~~~~~~^^^^^^
  File "D:\workspace\petsbattle\server\ws_handlers.py", line 16, in __init__
    self.register_handlers()
    ~~~~~~~~~~~~~~~~~~~~~~^^
  File "D:\workspace\petsbattle\server\ws_handlers.py", line 19, in register_handlers
    self.handlers[proto.sign_in_c2s.id] = login.sign_in
                  ^^^^^^^^^^^^^^^^^
AttributeError: module 'my_proto' has no attribute 'sign_in_c2s'

2025-12-21 17:43:43.379 | INFO     | ws_session:on_close:57 - request_id: 8dc1845e-e919-4055-8bfa-6d72201f40ea, on_close
2025-12-21 17:43:46.389 | INFO     | ws_session:open:25 - request_id: d2f0424c-9322-4bfd-a832-f67d28915c74 connect success
2025-12-21 17:43:46.389 | ERROR    | ws_session:open:31 - request_id: d2f0424c-9322-4bfd-a832-f67d28915c74, open error: module 'my_proto' has no attribute 'sign_in_c2s', traceback: Traceback (most recent call last):
  File "D:\workspace\petsbattle\server\ws_session.py", line 26, in open
    self.init()
    ~~~~~~~~~^^
  File "D:\workspace\petsbattle\server\ws_session.py", line 16, in init
    self.handlers = ws_handlers(self)
                    ~~~~~~~~~~~^^^^^^
  File "D:\workspace\petsbattle\server\ws_handlers.py", line 16, in __init__
    self.register_handlers()
    ~~~~~~~~~~~~~~~~~~~~~~^^
  File "D:\workspace\petsbattle\server\ws_handlers.py", line 19, in register_handlers
    self.handlers[proto.sign_in_c2s.id] = login.sign_in
                  ^^^^^^^^^^^^^^^^^
AttributeError: module 'my_proto' has no attribute 'sign_in_c2s'

2025-12-21 17:43:46.395 | INFO     | ws_session:on_close:57 - request_id: d2f0424c-9322-4bfd-a832-f67d28915c74, on_close
2025-12-21 17:43:49.403 | INFO     | ws_session:open:25 - request_id: 91db1ae9-9fe5-42a7-a6e8-a80ee9d3a850 connect success
2025-12-21 17:43:49.404 | ERROR    | ws_session:open:31 - request_id: 91db1ae9-9fe5-42a7-a6e8-a80ee9d3a850, open error: module 'my_proto' has no attribute 'sign_in_c2s', traceback: Traceback (most recent call last):
  File "D:\workspace\petsbattle\server\ws_session.py", line 26, in open
    self.init()
    ~~~~~~~~~^^
  File "D:\workspace\petsbattle\server\ws_session.py", line 16, in init
    self.handlers = ws_handlers(self)
                    ~~~~~~~~~~~^^^^^^
  File "D:\workspace\petsbattle\server\ws_handlers.py", line 16, in __init__
    self.register_handlers()
    ~~~~~~~~~~~~~~~~~~~~~~^^
  File "D:\workspace\petsbattle\server\ws_handlers.py", line 19, in register_handlers
    self.handlers[proto.sign_in_c2s.id] = login.sign_in
                  ^^^^^^^^^^^^^^^^^
AttributeError: module 'my_proto' has no attribute 'sign_in_c2s'

2025-12-21 17:43:49.409 | INFO     | ws_session:on_close:57 - request_id: 91db1ae9-9fe5-42a7-a6e8-a80ee9d3a850, on_close
2025-12-21 17:43:52.417 | INFO     | ws_session:open:25 - request_id: 4399d5a3-49ff-477d-a2a1-e13b15c3a7a8 connect success
2025-12-21 17:43:52.418 | ERROR    | ws_session:open:31 - request_id: 4399d5a3-49ff-477d-a2a1-e13b15c3a7a8, open error: module 'my_proto' has no attribute 'sign_in_c2s', traceback: Traceback (most recent call last):
  File "D:\workspace\petsbattle\server\ws_session.py", line 26, in open
    self.init()
    ~~~~~~~~~^^
  File "D:\workspace\petsbattle\server\ws_session.py", line 16, in init
    self.handlers = ws_handlers(self)
                    ~~~~~~~~~~~^^^^^^
  File "D:\workspace\petsbattle\server\ws_handlers.py", line 16, in __init__
    self.register_handlers()
    ~~~~~~~~~~~~~~~~~~~~~~^^
  File "D:\workspace\petsbattle\server\ws_handlers.py", line 19, in register_handlers
    self.handlers[proto.sign_in_c2s.id] = login.sign_in
                  ^^^^^^^^^^^^^^^^^
AttributeError: module 'my_proto' has no attribute 'sign_in_c2s'

2025-12-21 17:43:52.422 | INFO     | ws_session:on_close:57 - request_id: 4399d5a3-49ff-477d-a2a1-e13b15c3a7a8, on_close
2025-12-21 17:43:55.431 | INFO     | ws_session:open:25 - request_id: 044b9d46-e3f7-47a2-ad23-7b5a39e83089 connect success
2025-12-21 17:43:55.431 | ERROR    | ws_session:open:31 - request_id: 044b9d46-e3f7-47a2-ad23-7b5a39e83089, open error: module 'my_proto' has no attribute 'sign_in_c2s', traceback: Traceback (most recent call last):
  File "D:\workspace\petsbattle\server\ws_session.py", line 26, in open
    self.init()
    ~~~~~~~~~^^
  File "D:\workspace\petsbattle\server\ws_session.py", line 16, in init
    self.handlers = ws_handlers(self)
                    ~~~~~~~~~~~^^^^^^
  File "D:\workspace\petsbattle\server\ws_handlers.py", line 16, in __init__
    self.register_handlers()
    ~~~~~~~~~~~~~~~~~~~~~~^^
  File "D:\workspace\petsbattle\server\ws_handlers.py", line 19, in register_handlers
    self.handlers[proto.sign_in_c2s.id] = login.sign_in
                  ^^^^^^^^^^^^^^^^^
AttributeError: module 'my_proto' has no attribute 'sign_in_c2s'

2025-12-21 17:43:55.435 | INFO     | ws_session:on_close:57 - request_id: 044b9d46-e3f7-47a2-ad23-7b5a39e83089, on_close
2025-12-21 17:43:58.444 | INFO     | ws_session:open:25 - request_id: df5011d9-0722-421a-90e9-3b1ebd322cc5 connect success
2025-12-21 17:43:58.445 | ERROR    | ws_session:open:31 - request_id: df5011d9-0722-421a-90e9-3b1ebd322cc5, open error: module 'my_proto' has no attribute 'sign_in_c2s', traceback: Traceback (most recent call last):
  File "D:\workspace\petsbattle\server\ws_session.py", line 26, in open
    self.init()
    ~~~~~~~~~^^
  File "D:\workspace\petsbattle\server\ws_session.py", line 16, in init
    self.handlers = ws_handlers(self)
                    ~~~~~~~~~~~^^^^^^
  File "D:\workspace\petsbattle\server\ws_handlers.py", line 16, in __init__
    self.register_handlers()
    ~~~~~~~~~~~~~~~~~~~~~~^^
  File "D:\workspace\petsbattle\server\ws_handlers.py", line 19, in register_handlers
    self.handlers[proto.sign_in_c2s.id] = login.sign_in
                  ^^^^^^^^^^^^^^^^^
AttributeError: module 'my_proto' has no attribute 'sign_in_c2s'

2025-12-21 17:43:58.449 | INFO     | ws_session:on_close:57 - request_id: df5011d9-0722-421a-90e9-3b1ebd322cc5, on_close
2025-12-21 17:44:01.458 | INFO     | ws_session:open:25 - request_id: 4b3d1b19-ea13-469e-ac32-b14af37443d9 connect success
2025-12-21 17:44:01.459 | ERROR    | ws_session:open:31 - request_id: 4b3d1b19-ea13-469e-ac32-b14af37443d9, open error: module 'my_proto' has no attribute 'sign_in_c2s', traceback: Traceback (most recent call last):
  File "D:\workspace\petsbattle\server\ws_session.py", line 26, in open
    self.init()
    ~~~~~~~~~^^
  File "D:\workspace\petsbattle\server\ws_session.py", line 16, in init
    self.handlers = ws_handlers(self)
                    ~~~~~~~~~~~^^^^^^
  File "D:\workspace\petsbattle\server\ws_handlers.py", line 16, in __init__
    self.register_handlers()
    ~~~~~~~~~~~~~~~~~~~~~~^^
  File "D:\workspace\petsbattle\server\ws_handlers.py", line 19, in register_handlers
    self.handlers[proto.sign_in_c2s.id] = login.sign_in
                  ^^^^^^^^^^^^^^^^^
AttributeError: module 'my_proto' has no attribute 'sign_in_c2s'

2025-12-21 17:44:01.464 | INFO     | ws_session:on_close:57 - request_id: 4b3d1b19-ea13-469e-ac32-b14af37443d9, on_close
2025-12-21 17:44:04.472 | INFO     | ws_session:open:25 - request_id: 7fbc91ff-e764-41aa-8e75-fe7d826fbf48 connect success
2025-12-21 17:44:04.473 | ERROR    | ws_session:open:31 - request_id: 7fbc91ff-e764-41aa-8e75-fe7d826fbf48, open error: module 'my_proto' has no attribute 'sign_in_c2s', traceback: Traceback (most recent call last):
  File "D:\workspace\petsbattle\server\ws_session.py", line 26, in open
    self.init()
    ~~~~~~~~~^^
  File "D:\workspace\petsbattle\server\ws_session.py", line 16, in init
    self.handlers = ws_handlers(self)
                    ~~~~~~~~~~~^^^^^^
  File "D:\workspace\petsbattle\server\ws_handlers.py", line 16, in __init__
    self.register_handlers()
    ~~~~~~~~~~~~~~~~~~~~~~^^
  File "D:\workspace\petsbattle\server\ws_handlers.py", line 19, in register_handlers
    self.handlers[proto.sign_in_c2s.id] = login.sign_in
                  ^^^^^^^^^^^^^^^^^
AttributeError: module 'my_proto' has no attribute 'sign_in_c2s'

2025-12-21 17:44:04.477 | INFO     | ws_session:on_close:57 - request_id: 7fbc91ff-e764-41aa-8e75-fe7d826fbf48, on_close
2025-12-21 17:44:07.485 | INFO     | ws_session:open:25 - request_id: 00d752ea-e01f-4a41-b5a0-47355f0ac5b3 connect success
2025-12-21 17:44:07.486 | ERROR    | ws_session:open:31 - request_id: 00d752ea-e01f-4a41-b5a0-47355f0ac5b3, open error: module 'my_proto' has no attribute 'sign_in_c2s', traceback: Traceback (most recent call last):
  File "D:\workspace\petsbattle\server\ws_session.py", line 26, in open
    self.init()
    ~~~~~~~~~^^
  File "D:\workspace\petsbattle\server\ws_session.py", line 16, in init
    self.handlers = ws_handlers(self)
                    ~~~~~~~~~~~^^^^^^
  File "D:\workspace\petsbattle\server\ws_handlers.py", line 16, in __init__
    self.register_handlers()
    ~~~~~~~~~~~~~~~~~~~~~~^^
  File "D:\workspace\petsbattle\server\ws_handlers.py", line 19, in register_handlers
    self.handlers[proto.sign_in_c2s.id] = login.sign_in
                  ^^^^^^^^^^^^^^^^^
AttributeError: module 'my_proto' has no attribute 'sign_in_c2s'

2025-12-21 17:44:07.490 | INFO     | ws_session:on_close:57 - request_id: 00d752ea-e01f-4a41-b5a0-47355f0ac5b3, on_close
2025-12-21 17:44:10.497 | INFO     | ws_session:open:25 - request_id: 24d68dfa-1d39-475c-a817-c5e94c0a1646 connect success
2025-12-21 17:44:10.498 | ERROR    | ws_session:open:31 - request_id: 24d68dfa-1d39-475c-a817-c5e94c0a1646, open error: module 'my_proto' has no attribute 'sign_in_c2s', traceback: Traceback (most recent call last):
  File "D:\workspace\petsbattle\server\ws_session.py", line 26, in open
    self.init()
    ~~~~~~~~~^^
  File "D:\workspace\petsbattle\server\ws_session.py", line 16, in init
    self.handlers = ws_handlers(self)
                    ~~~~~~~~~~~^^^^^^
  File "D:\workspace\petsbattle\server\ws_handlers.py", line 16, in __init__
    self.register_handlers()
    ~~~~~~~~~~~~~~~~~~~~~~^^
  File "D:\workspace\petsbattle\server\ws_handlers.py", line 19, in register_handlers
    self.handlers[proto.sign_in_c2s.id] = login.sign_in
                  ^^^^^^^^^^^^^^^^^
AttributeError: module 'my_proto' has no attribute 'sign_in_c2s'

2025-12-21 17:44:10.505 | INFO     | ws_session:on_close:57 - request_id: 24d68dfa-1d39-475c-a817-c5e94c0a1646, on_close
2025-12-21 17:44:13.514 | INFO     | ws_session:open:25 - request_id: 55c7561a-4dde-4077-a790-426fdbe833de connect success
2025-12-21 17:44:13.515 | ERROR    | ws_session:open:31 - request_id: 55c7561a-4dde-4077-a790-426fdbe833de, open error: module 'my_proto' has no attribute 'sign_in_c2s', traceback: Traceback (most recent call last):
  File "D:\workspace\petsbattle\server\ws_session.py", line 26, in open
    self.init()
    ~~~~~~~~~^^
  File "D:\workspace\petsbattle\server\ws_session.py", line 16, in init
    self.handlers = ws_handlers(self)
                    ~~~~~~~~~~~^^^^^^
  File "D:\workspace\petsbattle\server\ws_handlers.py", line 16, in __init__
    self.register_handlers()
    ~~~~~~~~~~~~~~~~~~~~~~^^
  File "D:\workspace\petsbattle\server\ws_handlers.py", line 19, in register_handlers
    self.handlers[proto.sign_in_c2s.id] = login.sign_in
                  ^^^^^^^^^^^^^^^^^
AttributeError: module 'my_proto' has no attribute 'sign_in_c2s'

2025-12-21 17:44:13.519 | INFO     | ws_session:on_close:57 - request_id: 55c7561a-4dde-4077-a790-426fdbe833de, on_close
2025-12-21 17:44:16.529 | INFO     | ws_session:open:25 - request_id: 53d9613e-8c9c-49ac-87e2-00e02beb10a6 connect success
2025-12-21 17:44:16.529 | ERROR    | ws_session:open:31 - request_id: 53d9613e-8c9c-49ac-87e2-00e02beb10a6, open error: module 'my_proto' has no attribute 'sign_in_c2s', traceback: Traceback (most recent call last):
  File "D:\workspace\petsbattle\server\ws_session.py", line 26, in open
    self.init()
    ~~~~~~~~~^^
  File "D:\workspace\petsbattle\server\ws_session.py", line 16, in init
    self.handlers = ws_handlers(self)
                    ~~~~~~~~~~~^^^^^^
  File "D:\workspace\petsbattle\server\ws_handlers.py", line 16, in __init__
    self.register_handlers()
    ~~~~~~~~~~~~~~~~~~~~~~^^
  File "D:\workspace\petsbattle\server\ws_handlers.py", line 19, in register_handlers
    self.handlers[proto.sign_in_c2s.id] = login.sign_in
                  ^^^^^^^^^^^^^^^^^
AttributeError: module 'my_proto' has no attribute 'sign_in_c2s'

2025-12-21 17:44:16.534 | INFO     | ws_session:on_close:57 - request_id: 53d9613e-8c9c-49ac-87e2-00e02beb10a6, on_close
